<?xml version="1.0" encoding="UTF-8"?>
<testsuite name="com.ironcodesoftware.wanderease.ExampleUnitTest" tests="1" skipped="0" failures="0" errors="0" timestamp="2025-02-10T16:31:41" hostname="LENOVO-NTS" time="0.003">
  <properties/>
  <testcase name="addition_isCorrect" classname="com.ironcodesoftware.wanderease.ExampleUnitTest" time="0.003"/>
  <system-out><![CDATA[]]></system-out>
  <system-err><![CDATA[]]></system-err>
</testsuite>
